=== v4 FINAL: PEAD core + small MAX-skew dose (signed fill, EV floor) ===
 coreN skew%  2mo EV     med     5th    95th      max  P(>25%)  P(>40%)
    10    0%    4.3%    4.9%  -13.5%   21.7%      50%     3.0%     0.3%
    10   10%    2.7%    3.2%  -15.9%   21.5%      47%     2.8%     0.3%
    10   15%    1.8%    2.1%  -17.6%   21.0%      47%     3.2%     0.2%
    10   20%    1.0%    1.1%  -19.2%   21.1%      48%     3.2%     0.2%
    10   30%   -0.6%   -1.2%  -22.3%   21.9%      49%     3.8%     1.0%
    15    0%    4.1%    4.5%  -14.0%   21.0%      46%     2.4%     0.4%
    15   10%    2.5%    2.8%  -16.4%   20.0%      45%     3.1%     0.2%
    15   15%    1.6%    1.7%  -17.9%   20.4%      46%     3.4%     0.2%
    15   20%    0.8%    0.9%  -19.7%   20.9%      46%     3.7%     0.4%
    15   30%   -0.8%   -1.3%  -22.9%   22.0%      52%     4.2%     1.1%
    20    0%    4.8%    4.8%  -13.6%   22.6%      51%     4.1%     0.3%
    20   10%    3.0%    3.2%  -16.0%   22.4%      49%     3.4%     0.2%
    20   15%    2.2%    2.3%  -17.5%   22.2%      50%     3.6%     0.2%
    20   20%    1.3%    1.4%  -19.2%   22.5%      51%     3.8%     0.3%
    20   30%   -0.4%   -0.7%  -22.5%   23.5%      51%     4.2%     0.7%

  CHOSEN (max P(2mo>40%) s.t. EV>0): core N=15, skew=0%
    2mo: EV +4.1%, median 4.5%, 5th -14.0%, 95th 21%, max 46%, P(>25%) 2.4%, P(>40%) 0.4%
    vs pure PEAD core (N=15): EV +4.1% -> +4.1%, P(>40%) 0.4% -> 0.4%, max 46% -> 46%

wrote results/pead_v4_integrate.json
