=== (a) LIQUIDITY-BUCKET GRID (Amihud quintiles; 1=liquid..5=illiquid) ===
 bucket  names  gross LT  gross MID  alpha%/yr(t) MID  fill bps  NET(MID)
      1    349      110%       100%        10/yr( 1.8)       1.5      100%
      2    348      101%        82%         6/yr( 1.1)       1.0       82%
      3    348      127%       106%         9/yr( 1.4)       1.9      106%
      4    348      127%       113%        12/yr( 1.5)       1.5      113%
      5    348      698%       665%        50/yr( 3.9)       2.6      665%

=== (b) BOUNCE/ARTIFACT: last-trade vs midpoint per bucket ===
 bucket   OOS LT  OOS MID  artifact(LT-MID)
      1     110%     100%              10%
      2     101%      82%              19%
      3     127%     106%              21%
      4     127%     113%              15%
      5     698%     665%              33%
  broad: LT 82%  MID 69%

=== (c/d) TILTED BOOK = bucket 5 (midpoint, net of bucket fill) vs BROAD PEAD ===
  broad PEAD (MID)       OOS    69%  alpha    5/yr(t= 0.9)  turn  6.1%  2mo med  4.8% 95th  33% max 104%  P>25% 6.4%  P>40% 3.7%
  tilted bucket5 (MID)   OOS   665%  alpha   50/yr(t= 3.9)  turn  6.7%  2mo med  8.2% 95th  45% max 179%  P>25% 15.5%  P>40% 6.4%

=== (§7) KILL CRITERIA ===
  [PASS] 1 survives midpoint returns (not bounce)  (bucket5 MID 665%)
  [PASS] 2 survives stale-price filter  (PIT vol>0 within K enforced)
  [PASS] 3 beats broad PEAD OOS net of bucket fill  (665% vs 69%)
  [PASS] 4 significant OOS alpha (t>2) OR fatter tail  (t=3.9, P>40% 6.4% vs 3.7%)
  => KEEP liquidity tilt

wrote results/pead_v6_liquidity.json
