data: 2017-01-03..2024-12-31  4000 names
PIT universe avg members/day: 1761
  [done full-period]  max entry weight 0.1000 (cap 0.1)

=== PER-YEAR (params fixed at literature prior H=40,N=12; NOT tuned) ===
year    PEAD ret PEAD shrp  bench ret   excess  INV ret
2017       62.7%      2.79      19.5%    43.1%   -20.5%
2018       49.4%      1.65     -11.7%    61.2%   -31.3%
2019       96.9%      2.68      26.4%    70.5%    -7.8%
2020       73.6%      1.32      46.7%    26.9%    38.7%
2021       41.3%      1.34      20.9%    20.4%    17.9%
2022        4.9%      0.19     -26.3%    31.2%   -49.2%
2023      112.4%      2.85      16.4%    96.0%    22.7%
2024       60.3%      1.79      11.6%    48.7%   -16.9%

FULL-PERIOD PEAD (one continuous book):
  total 4092.2%  ann.sharpe 1.61  vol 29.4%  maxDD -43.9%
  avg monthly return 4.35%  (median 5.12%)
  beat EW benchmark in 8/8 years

=== IS/OOS SPLIT (design choices fixed on 2017-2020) ===
  IN-SAMPLE  2017-2020:  PEAD  731.0% (shrp 1.76)  bench   95.6%  excess 635.4%
  OUT-SAMPLE 2021-2024:  PEAD  404.5% (shrp 1.44)  bench   15.7%  excess 388.8%

=== PARAMETER ROBUSTNESS: full-period total return (want a plateau) ===
H \\ N         10        12        15        20
H=20    13032.5%   9500.3%   9337.0%   9217.5%
H=30    10138.2%   6348.8%   6438.7%   5327.8%
H=40     3713.2%   4092.2%   3907.8%   3651.1%
H=50     2856.6%   3008.0%   3052.3%   2681.5%
H=60     1131.4%   1030.3%    817.7%    997.8%

wrote results/pead_walkforward_summary.json + daily/monthly CSVs
